Using pre-set license
Built from '2020.3/staging' branch; Version is '2020.3.48f1 (b805b124c6b7) revision 12060081'; Using compiler version '192528614'; Build Type 'Release'
OS: 'Windows 11  (10.0.22631) 64bit Core' Language: 'es' Physical Memory: 8012 MB
BatchMode: 1, IsHumanControllingUs: 0, StartBugReporterOnCrash: 0, Is64bit: 1, IsPro: 0

COMMAND LINE ARGUMENTS:
C:\Program Files\Unity\Hub\Editor\2020.3.48f1\Editor\Unity.exe
-adb2
-batchMode
-noUpm
-name
AssetImportWorker0
-projectPath
C:/Users/Diego/source/repos/tareas/realidad virtual/juego ar
-logFile
Logs/AssetImportWorker0.log
-srvPort
51566
Successfully changed project path to: C:/Users/Diego/source/repos/tareas/realidad virtual/juego ar
C:/Users/Diego/source/repos/tareas/realidad virtual/juego ar
Using Asset Import Pipeline V2.
Player connection [17384] Host "[IP] 192.168.1.6 [Port] 1073959392 [Flags] 2 [Guid] 555337218 [EditorId] 555337218 [Version] 1048832 [Id] WindowsEditor(7,MSI) [Debug] 1 [PackageName] WindowsEditor [ProjectName] Editor" joined multi-casting on [225.0.0.222:54997]...

Player connection [17384] Host "[IP] 192.168.1.6 [Port] 1073959392 [Flags] 2 [Guid] 555337218 [EditorId] 555337218 [Version] 1048832 [Id] WindowsEditor(7,MSI) [Debug] 1 [PackageName] WindowsEditor [ProjectName] Editor" joined alternative multi-casting on [225.0.0.222:34997]...

Refreshing native plugins compatible for Editor in 56.57 ms, found 9 plugins.
Preloading 1 native plugins for Editor in 1.51 ms.
Initialize engine version: 2020.3.48f1 (b805b124c6b7)
[Subsystems] Discovering subsystems at path C:/Program Files/Unity/Hub/Editor/2020.3.48f1/Editor/Data/Resources/UnitySubsystems
[Subsystems] Discovering subsystems at path C:/Users/Diego/source/repos/tareas/realidad virtual/juego ar/Assets
GfxDevice: creating device client; threaded=0
Direct3D:
    Version:  Direct3D 11.0 [level 11.1]
    Renderer: NVIDIA GeForce GTX 1660 Ti (ID=0x2191)
    Vendor:   
    VRAM:     5979 MB
    Driver:   31.0.15.4592
Initialize mono
Mono path[0] = 'C:/Program Files/Unity/Hub/Editor/2020.3.48f1/Editor/Data/Managed'
Mono path[1] = 'C:/Program Files/Unity/Hub/Editor/2020.3.48f1/Editor/Data/MonoBleedingEdge/lib/mono/unityjit'
Mono config path = 'C:/Program Files/Unity/Hub/Editor/2020.3.48f1/Editor/Data/MonoBleedingEdge/etc'
Using monoOptions --debugger-agent=transport=dt_socket,embedding=1,server=y,suspend=n,address=127.0.0.1:56404
Begin MonoManager ReloadAssembly
Registering precompiled unity dll's ...
Register platform support module: C:/Program Files/Unity/Hub/Editor/2020.3.48f1/Editor/Data/PlaybackEngines/WindowsStandaloneSupport/UnityEditor.WindowsStandalone.Extensions.dll
Registered in 0.002104 seconds.
Native extension for WindowsStandalone target not found
Refreshing native plugins compatible for Editor in 45.29 ms, found 9 plugins.
Preloading 1 native plugins for Editor in 0.13 ms.
Mono: successfully reloaded assembly
- Completed reload, in  0.576 seconds
Domain Reload Profiling:
	ReloadAssembly (576ms)
		BeginReloadAssembly (65ms)
			ExecutionOrderSort (0ms)
			DisableScriptedObjects (0ms)
			BackupInstance (0ms)
			ReleaseScriptingObjects (0ms)
			CreateAndSetChildDomain (1ms)
		EndReloadAssembly (438ms)
			LoadAssemblies (62ms)
			RebuildTransferFunctionScriptingTraits (0ms)
			SetupTypeCache (147ms)
			ReleaseScriptCaches (0ms)
			RebuildScriptCaches (29ms)
			SetupLoadedEditorAssemblies (161ms)
				LogAssemblyErrors (0ms)
				InitializePlatformSupportModulesInManaged (3ms)
				SetLoadedEditorAssemblies (0ms)
				RefreshPlugins (45ms)
				BeforeProcessingInitializeOnLoad (14ms)
				ProcessInitializeOnLoadAttributes (73ms)
				ProcessInitializeOnLoadMethodAttributes (25ms)
				AfterProcessingInitializeOnLoad (0ms)
				EditorAssembliesLoaded (0ms)
			ExecutionOrderSort2 (0ms)
			AwakeInstancesAfterBackupRestoration (0ms)
Platform modules already initialized, skipping
Registering precompiled user dll's ...
Registered in 0.006750 seconds.
Begin MonoManager ReloadAssembly
Native extension for WindowsStandalone target not found
Refreshing native plugins compatible for Editor in 71.79 ms, found 9 plugins.
Preloading 1 native plugins for Editor in 0.12 ms.
Mono: successfully reloaded assembly
- Completed reload, in  1.776 seconds
Domain Reload Profiling:
	ReloadAssembly (1779ms)
		BeginReloadAssembly (170ms)
			ExecutionOrderSort (0ms)
			DisableScriptedObjects (4ms)
			BackupInstance (0ms)
			ReleaseScriptingObjects (0ms)
			CreateAndSetChildDomain (20ms)
		EndReloadAssembly (1546ms)
			LoadAssemblies (140ms)
			RebuildTransferFunctionScriptingTraits (0ms)
			SetupTypeCache (447ms)
			ReleaseScriptCaches (1ms)
			RebuildScriptCaches (82ms)
			SetupLoadedEditorAssemblies (735ms)
				LogAssemblyErrors (0ms)
				InitializePlatformSupportModulesInManaged (4ms)
				SetLoadedEditorAssemblies (0ms)
				RefreshPlugins (72ms)
				BeforeProcessingInitializeOnLoad (131ms)
				ProcessInitializeOnLoadAttributes (504ms)
				ProcessInitializeOnLoadMethodAttributes (14ms)
				AfterProcessingInitializeOnLoad (9ms)
				EditorAssembliesLoaded (0ms)
			ExecutionOrderSort2 (0ms)
			AwakeInstancesAfterBackupRestoration (2ms)
Platform modules already initialized, skipping
========================================================================
Worker process is ready to serve import requests
Launched and connected shader compiler UnityShaderCompiler.exe after 0.09 seconds
Refreshing native plugins compatible for Editor in 0.69 ms, found 9 plugins.
Preloading 1 native plugins for Editor in 0.10 ms.
Unloading 2421 Unused Serialized files (Serialized files now loaded: 0)
System memory in use before: 100.7 MB.
System memory in use after: 100.8 MB.

Unloading 22 unused Assets to reduce memory usage. Loaded Objects now: 2857.
Total: 4.705100 ms (FindLiveObjects: 0.245400 ms CreateObjectMapping: 0.146300 ms MarkObjects: 4.148100 ms  DeleteObjects: 0.163700 ms)

AssetImportParameters requested are different than current active one (requested -> active):
  custom:framework-win-MediaFoundation: 216162199b28c13a410421893ffa2e32 -> 
  custom:video-decoder-ogg-theora: a1e56fd34408186e4bbccfd4996cb3dc -> 
  custom:container-muxer-webm: aa71ff27fc2769a1b78a27578f13a17b -> 
  custom:container-demuxer-webm: 4f35f7cbe854078d1ac9338744f61a02 -> 
  custom:container-demuxer-ogg: 62fdf1f143b41e24485cea50d1cbac27 -> 
  custom:video-encoder-webm-vp8: eb34c28f22e8b96e1ab97ce403110664 -> 
  custom:video-decoder-webm-vp8: 9c59270c3fd7afecdb556c50c9e8de78 -> 
  custom:audio-decoder-ogg-vorbis: bf7c407c2cedff20999df2af8eb42d56 -> 
  custom:audio-encoder-webm-vorbis: bf7c407c2cedff20999df2af8eb42d56 -> 
========================================================================
Received Import Request.
  path: Assets/ExampleAssets/Textures/PlanePatternDot.png
  artifactKey: Guid(af6bcea09b8134831b6599e2900aef81) Importer(815301076,1909f56bfc062723c751e8b465ee728b)
Start importing Assets/ExampleAssets/Textures/PlanePatternDot.png using Guid(af6bcea09b8134831b6599e2900aef81) Importer(815301076,1909f56bfc062723c751e8b465ee728b)  -> (artifact id: 'b3b86761e65226c40894c812b168feeb') in 0.256315 seconds 
========================================================================
Received Import Request.
  Time since last request: 0.000319 seconds.
  path: Assets/ExampleAssets/Materials/PlacedCubeMat.mat
  artifactKey: Guid(0ce7ca15cd93341beb67396a494cef55) Importer(815301076,1909f56bfc062723c751e8b465ee728b)
Start importing Assets/ExampleAssets/Materials/PlacedCubeMat.mat using Guid(0ce7ca15cd93341beb67396a494cef55) Importer(815301076,1909f56bfc062723c751e8b465ee728b)  -> (artifact id: '43b9e294dc389259e6418debb7748f46') in 0.142528 seconds 
========================================================================
Received Import Request.
  Time since last request: 0.000277 seconds.
  path: Assets/ExampleAssets/Materials
  artifactKey: Guid(0a1aa25d695ea4175bf4920feb2742e1) Importer(815301076,1909f56bfc062723c751e8b465ee728b)
Start importing Assets/ExampleAssets/Materials using Guid(0a1aa25d695ea4175bf4920feb2742e1) Importer(815301076,1909f56bfc062723c751e8b465ee728b)  -> (artifact id: '3b0ca2f74a9693a4bef63d3756d25d9f') in 0.011927 seconds 
========================================================================
Received Import Request.
  Time since last request: 0.000307 seconds.
  path: Assets/ExampleAssets/Materials/PlaneMat.mat
  artifactKey: Guid(2da0ea038f25a4fa998f183878aedf79) Importer(815301076,1909f56bfc062723c751e8b465ee728b)
Start importing Assets/ExampleAssets/Materials/PlaneMat.mat using Guid(2da0ea038f25a4fa998f183878aedf79) Importer(815301076,1909f56bfc062723c751e8b465ee728b)  -> (artifact id: '02b1f9fb1b38ff4de4894834963ef47f') in 0.032371 seconds 
========================================================================
Received Prepare
Registering precompiled user dll's ...
Registered in 0.010224 seconds.
Begin MonoManager ReloadAssembly
Native extension for WindowsStandalone target not found
Refreshing native plugins compatible for Editor in 0.77 ms, found 9 plugins.
Preloading 1 native plugins for Editor in 0.13 ms.
Mono: successfully reloaded assembly
- Completed reload, in  1.318 seconds
Domain Reload Profiling:
	ReloadAssembly (1320ms)
		BeginReloadAssembly (244ms)
			ExecutionOrderSort (0ms)
			DisableScriptedObjects (14ms)
			BackupInstance (0ms)
			ReleaseScriptingObjects (0ms)
			CreateAndSetChildDomain (92ms)
		EndReloadAssembly (969ms)
			LoadAssemblies (155ms)
			RebuildTransferFunctionScriptingTraits (0ms)
			SetupTypeCache (343ms)
			ReleaseScriptCaches (1ms)
			RebuildScriptCaches (42ms)
			SetupLoadedEditorAssemblies (348ms)
				LogAssemblyErrors (0ms)
				InitializePlatformSupportModulesInManaged (4ms)
				SetLoadedEditorAssemblies (1ms)
				RefreshPlugins (1ms)
				BeforeProcessingInitializeOnLoad (101ms)
				ProcessInitializeOnLoadAttributes (225ms)
				ProcessInitializeOnLoadMethodAttributes (9ms)
				AfterProcessingInitializeOnLoad (7ms)
				EditorAssembliesLoaded (0ms)
			ExecutionOrderSort2 (0ms)
			AwakeInstancesAfterBackupRestoration (2ms)
Platform modules already initialized, skipping
Switching build target platform(19) subTarget(0) extendedPlatform(0) -> platform(13) subTarget(589824) extendedPlatform(0)
Refreshing native plugins compatible for Editor in 0.89 ms, found 9 plugins.
Preloading 1 native plugins for Editor in 0.14 ms.
Unloading 2415 Unused Serialized files (Serialized files now loaded: 0)
System memory in use before: 106.1 MB.
System memory in use after: 106.3 MB.

Unloading 15 unused Assets to reduce memory usage. Loaded Objects now: 2930.
Total: 3.500300 ms (FindLiveObjects: 0.310300 ms CreateObjectMapping: 0.170800 ms MarkObjects: 2.948600 ms  DeleteObjects: 0.069300 ms)

AssetImportParameters requested are different than current active one (requested -> active):
  custom:framework-win-MediaFoundation: 216162199b28c13a410421893ffa2e32 -> 
  custom:video-decoder-ogg-theora: a1e56fd34408186e4bbccfd4996cb3dc -> 
  custom:container-muxer-webm: aa71ff27fc2769a1b78a27578f13a17b -> 
  custom:container-demuxer-webm: 4f35f7cbe854078d1ac9338744f61a02 -> 
  custom:container-demuxer-ogg: 62fdf1f143b41e24485cea50d1cbac27 -> 
  custom:video-encoder-webm-vp8: eb34c28f22e8b96e1ab97ce403110664 -> 
  custom:video-decoder-webm-vp8: 9c59270c3fd7afecdb556c50c9e8de78 -> 
  custom:graphics/normal-map-encoding: 01000000000000000000000000000000 -> 02000000000000000000000000000000
  custom:audio-decoder-ogg-vorbis: bf7c407c2cedff20999df2af8eb42d56 -> 
  custom:audio-encoder-webm-vorbis: bf7c407c2cedff20999df2af8eb42d56 -> 
========================================================================
Received Import Request.
  Time since last request: 279.951182 seconds.
  path: Assets/ExampleAssets
  artifactKey: Guid(5040ff35809714c9f899bd2e7ae0f30a) Importer(815301076,1909f56bfc062723c751e8b465ee728b)
Start importing Assets/ExampleAssets using Guid(5040ff35809714c9f899bd2e7ae0f30a) Importer(815301076,1909f56bfc062723c751e8b465ee728b)  -> (artifact id: '2d6fab972caa12ade4a9c01b61530b08') in 0.025515 seconds 
========================================================================
Received Import Request.
  Time since last request: 3.768136 seconds.
  path: Assets/Plugins
  artifactKey: Guid(a3397ca59aa2845d9b6915a23e597665) Importer(815301076,1909f56bfc062723c751e8b465ee728b)
Start importing Assets/Plugins using Guid(a3397ca59aa2845d9b6915a23e597665) Importer(815301076,1909f56bfc062723c751e8b465ee728b)  -> (artifact id: '9b762022d8a34ee7ec612090c73b60fe') in 0.017619 seconds 
========================================================================
Received Import Request.
  Time since last request: 1.227685 seconds.
  path: Assets/Plugins/Lumin
  artifactKey: Guid(cad683986090940a0a1c2d431af3ad9c) Importer(815301076,1909f56bfc062723c751e8b465ee728b)
Start importing Assets/Plugins/Lumin using Guid(cad683986090940a0a1c2d431af3ad9c) Importer(815301076,1909f56bfc062723c751e8b465ee728b)  -> (artifact id: 'cf229f826dfe81edcd333658ece2e71b') in 0.014424 seconds 
========================================================================
Received Import Request.
  Time since last request: 0.038632 seconds.
  path: Assets/Plugins/Lumin/MagicLeapManifestSettings.asset
  artifactKey: Guid(dd3d17bef5f974d19ae58a5a69c484fd) Importer(815301076,1909f56bfc062723c751e8b465ee728b)
Start importing Assets/Plugins/Lumin/MagicLeapManifestSettings.asset using Guid(dd3d17bef5f974d19ae58a5a69c484fd) Importer(815301076,1909f56bfc062723c751e8b465ee728b)  -> (artifact id: '89c777b11067afc4d04046319d1b193f') in 0.034866 seconds 
========================================================================
Received Import Request.
  Time since last request: 13.116458 seconds.
  path: Assets/XR
  artifactKey: Guid(4586d7c79a09642ee9af2018bd137cd7) Importer(815301076,1909f56bfc062723c751e8b465ee728b)
Start importing Assets/XR using Guid(4586d7c79a09642ee9af2018bd137cd7) Importer(815301076,1909f56bfc062723c751e8b465ee728b)  -> (artifact id: 'cac44b5cd8a72be2049aa83230274baf') in 0.016404 seconds 
========================================================================
Received Import Request.
  Time since last request: 0.027579 seconds.
  path: Assets/XR/XRGeneralSettings.asset
  artifactKey: Guid(58f40b12bbc864f3c96c6505a9a1e1e3) Importer(815301076,1909f56bfc062723c751e8b465ee728b)
Start importing Assets/XR/XRGeneralSettings.asset using Guid(58f40b12bbc864f3c96c6505a9a1e1e3) Importer(815301076,1909f56bfc062723c751e8b465ee728b)  -> (artifact id: '4ce5b7fba85962032bd8451e2066fd8d') in 0.029187 seconds 
========================================================================
Received Import Request.
  Time since last request: 9.818706 seconds.
  path: Assets/ExampleAssets/Models
  artifactKey: Guid(262e742d15f1b4d1487c6709552f51e9) Importer(815301076,1909f56bfc062723c751e8b465ee728b)
Start importing Assets/ExampleAssets/Models using Guid(262e742d15f1b4d1487c6709552f51e9) Importer(815301076,1909f56bfc062723c751e8b465ee728b)  -> (artifact id: '35e65e5d6c68007fef076b1fd198078c') in 0.016486 seconds 
========================================================================
Received Import Request.
  Time since last request: 0.021434 seconds.
  path: Assets/ExampleAssets/Models/cube.fbx
  artifactKey: Guid(de4da3906a001624fabcc7838ddf2eb4) Importer(815301076,1909f56bfc062723c751e8b465ee728b)
Start importing Assets/ExampleAssets/Models/cube.fbx using Guid(de4da3906a001624fabcc7838ddf2eb4) Importer(815301076,1909f56bfc062723c751e8b465ee728b)  -> (artifact id: '28dc3db9449a69e570c865b6eafe0e28') in 0.172080 seconds 
========================================================================
Received Import Request.
  Time since last request: 19.308024 seconds.
  path: Assets/ExampleAssets/Scenes
  artifactKey: Guid(4e7f5acf46ddb42618485f6adf8af0c7) Importer(815301076,1909f56bfc062723c751e8b465ee728b)
Start importing Assets/ExampleAssets/Scenes using Guid(4e7f5acf46ddb42618485f6adf8af0c7) Importer(815301076,1909f56bfc062723c751e8b465ee728b)  -> (artifact id: '9ee4c8cd3b67343d3bb0d8de72865d6b') in 0.014524 seconds 
========================================================================
Received Import Request.
  Time since last request: 5.425136 seconds.
  path: Assets/ExampleAssets/Scenes/SampleScene.unity
  artifactKey: Guid(9fc0d4010bbf28b4594072e72b8655ab) Importer(815301076,1909f56bfc062723c751e8b465ee728b)
Start importing Assets/ExampleAssets/Scenes/SampleScene.unity using Guid(9fc0d4010bbf28b4594072e72b8655ab) Importer(815301076,1909f56bfc062723c751e8b465ee728b)  -> (artifact id: '9c1c62b16d7215c9942a93b77fc8ebc7') in 0.016764 seconds 
========================================================================
Received Import Request.
  Time since last request: 38.095315 seconds.
  path: Assets/ExampleAssets/Scenes/SampleScene AR.unity
  artifactKey: Guid(9fc0d4010bbf28b4594072e72b8655ab) Importer(815301076,1909f56bfc062723c751e8b465ee728b)
Start importing Assets/ExampleAssets/Scenes/SampleScene AR.unity using Guid(9fc0d4010bbf28b4594072e72b8655ab) Importer(815301076,1909f56bfc062723c751e8b465ee728b)  -> (artifact id: 'f564aab3ad5830f68d034b3ba32c3f21') in 0.013284 seconds 
========================================================================
Received Import Request.
  Time since last request: 5.654547 seconds.
  path: Assets/ExampleAssets/Scripts
  artifactKey: Guid(b7dc6893b21fb45f1b98fce4a2e373f4) Importer(815301076,1909f56bfc062723c751e8b465ee728b)
Start importing Assets/ExampleAssets/Scripts using Guid(b7dc6893b21fb45f1b98fce4a2e373f4) Importer(815301076,1909f56bfc062723c751e8b465ee728b)  -> (artifact id: 'b71693e63185ee66eb57c6a56825ad51') in 0.018887 seconds 
========================================================================
Received Import Request.
  Time since last request: 1.102837 seconds.
  path: Assets/ExampleAssets/Scripts/AnchorCreator.cs
  artifactKey: Guid(788587e994f1943f3856c1c332db429b) Importer(815301076,1909f56bfc062723c751e8b465ee728b)
Start importing Assets/ExampleAssets/Scripts/AnchorCreator.cs using Guid(788587e994f1943f3856c1c332db429b) Importer(815301076,1909f56bfc062723c751e8b465ee728b)  -> (artifact id: 'f7861bb0b851d65299b3d7f8f90dc2c4') in 0.033337 seconds 
========================================================================
Received Import Request.
  Time since last request: 1.479509 seconds.
  path: Assets/ExampleAssets/Scripts/ARFeatheredPlaneMeshVisualizer.cs
  artifactKey: Guid(de9919161fbca46b79a86ecacee38c30) Importer(815301076,1909f56bfc062723c751e8b465ee728b)
Start importing Assets/ExampleAssets/Scripts/ARFeatheredPlaneMeshVisualizer.cs using Guid(de9919161fbca46b79a86ecacee38c30) Importer(815301076,1909f56bfc062723c751e8b465ee728b)  -> (artifact id: 'e968d07e3f29214af2a14e02251de73c') in 0.012241 seconds 
========================================================================
Received Import Request.
  Time since last request: 13.482721 seconds.
  path: Assets/Scenes/BlankAR.unity
  artifactKey: Guid(6bdce89659816455b9f906fc62d19910) Importer(815301076,1909f56bfc062723c751e8b465ee728b)
Start importing Assets/Scenes/BlankAR.unity using Guid(6bdce89659816455b9f906fc62d19910) Importer(815301076,1909f56bfc062723c751e8b465ee728b)  -> (artifact id: '7cc39fa27c5693f3bb39b73aa132237f') in 0.018543 seconds 
========================================================================
Received Prepare
Registering precompiled user dll's ...
Registered in 0.007928 seconds.
Begin MonoManager ReloadAssembly
Native extension for WindowsStandalone target not found
Refreshing native plugins compatible for Editor in 0.87 ms, found 9 plugins.
Preloading 1 native plugins for Editor in 0.12 ms.
Mono: successfully reloaded assembly
- Completed reload, in  1.273 seconds
Domain Reload Profiling:
	ReloadAssembly (1276ms)
		BeginReloadAssembly (265ms)
			ExecutionOrderSort (0ms)
			DisableScriptedObjects (12ms)
			BackupInstance (0ms)
			ReleaseScriptingObjects (0ms)
			CreateAndSetChildDomain (116ms)
		EndReloadAssembly (916ms)
			LoadAssemblies (141ms)
			RebuildTransferFunctionScriptingTraits (0ms)
			SetupTypeCache (299ms)
			ReleaseScriptCaches (1ms)
			RebuildScriptCaches (38ms)
			SetupLoadedEditorAssemblies (367ms)
				LogAssemblyErrors (0ms)
				InitializePlatformSupportModulesInManaged (4ms)
				SetLoadedEditorAssemblies (1ms)
				RefreshPlugins (1ms)
				BeforeProcessingInitializeOnLoad (92ms)
				ProcessInitializeOnLoadAttributes (252ms)
				ProcessInitializeOnLoadMethodAttributes (9ms)
				AfterProcessingInitializeOnLoad (7ms)
				EditorAssembliesLoaded (0ms)
			ExecutionOrderSort2 (0ms)
			AwakeInstancesAfterBackupRestoration (2ms)
Platform modules already initialized, skipping
Switching build target platform(19) subTarget(0) extendedPlatform(0) -> platform(13) subTarget(589824) extendedPlatform(0)
Refreshing native plugins compatible for Editor in 0.67 ms, found 9 plugins.
Preloading 1 native plugins for Editor in 0.08 ms.
Unloading 2413 Unused Serialized files (Serialized files now loaded: 0)
System memory in use before: 106.2 MB.
System memory in use after: 106.4 MB.

Unloading 17 unused Assets to reduce memory usage. Loaded Objects now: 2936.
Total: 2.975400 ms (FindLiveObjects: 0.217200 ms CreateObjectMapping: 0.132000 ms MarkObjects: 2.571600 ms  DeleteObjects: 0.053500 ms)

AssetImportParameters requested are different than current active one (requested -> active):
  custom:framework-win-MediaFoundation: 216162199b28c13a410421893ffa2e32 -> 
  custom:video-decoder-ogg-theora: a1e56fd34408186e4bbccfd4996cb3dc -> 
  custom:container-muxer-webm: aa71ff27fc2769a1b78a27578f13a17b -> 
  custom:container-demuxer-webm: 4f35f7cbe854078d1ac9338744f61a02 -> 
  custom:container-demuxer-ogg: 62fdf1f143b41e24485cea50d1cbac27 -> 
  custom:video-encoder-webm-vp8: eb34c28f22e8b96e1ab97ce403110664 -> 
  custom:video-decoder-webm-vp8: 9c59270c3fd7afecdb556c50c9e8de78 -> 
  custom:graphics/normal-map-encoding: 01000000000000000000000000000000 -> 02000000000000000000000000000000
  custom:audio-decoder-ogg-vorbis: bf7c407c2cedff20999df2af8eb42d56 -> 
  custom:audio-encoder-webm-vorbis: bf7c407c2cedff20999df2af8eb42d56 -> 
========================================================================
Received Import Request.
  Time since last request: 30.127403 seconds.
  path: Assets/ExampleAssets/Shaders
  artifactKey: Guid(504c5a8d7f1ea4880b02ef40c6f96bd7) Importer(815301076,1909f56bfc062723c751e8b465ee728b)
Start importing Assets/ExampleAssets/Shaders using Guid(504c5a8d7f1ea4880b02ef40c6f96bd7) Importer(815301076,1909f56bfc062723c751e8b465ee728b)  -> (artifact id: '5878038ca92b775a08737219e0f261d6') in 0.022540 seconds 
========================================================================
Received Import Request.
  Time since last request: 2.471242 seconds.
  path: Assets/ExampleAssets/Shaders/FeatheredPlaneShader.shader
  artifactKey: Guid(9b989c81462e144eb95a232bec4719d5) Importer(815301076,1909f56bfc062723c751e8b465ee728b)
Start importing Assets/ExampleAssets/Shaders/FeatheredPlaneShader.shader using Guid(9b989c81462e144eb95a232bec4719d5) Importer(815301076,1909f56bfc062723c751e8b465ee728b)  -> (artifact id: '76e5639ad67ccb644a2a9ee6b8ec08a4') in 0.021282 seconds 
========================================================================
Received Import Request.
  Time since last request: 2.711762 seconds.
  path: Assets/ExampleAssets/Textures
  artifactKey: Guid(2aab7ef822b354523935cb8a8fdb23fc) Importer(815301076,1909f56bfc062723c751e8b465ee728b)
Start importing Assets/ExampleAssets/Textures using Guid(2aab7ef822b354523935cb8a8fdb23fc) Importer(815301076,1909f56bfc062723c751e8b465ee728b)  -> (artifact id: '3dcf3fb00df88769b6d5837e473d4be5') in 0.015645 seconds 
========================================================================
Received Import Request.
  Time since last request: 3.163785 seconds.
  path: Assets/ExampleAssets/Tutorial
  artifactKey: Guid(aa5f7db8f388e40c98ecc12b9298dda2) Importer(815301076,1909f56bfc062723c751e8b465ee728b)
Start importing Assets/ExampleAssets/Tutorial using Guid(aa5f7db8f388e40c98ecc12b9298dda2) Importer(815301076,1909f56bfc062723c751e8b465ee728b)  -> (artifact id: 'ebb7dddb0951ca883ea2f086761b88b1') in 0.015931 seconds 
========================================================================
Received Import Request.
  Time since last request: 0.047198 seconds.
  path: Assets/ExampleAssets/Tutorial/ARTutorialStyle.asset
  artifactKey: Guid(673c100feae4c40308b05cbe438649eb) Importer(815301076,1909f56bfc062723c751e8b465ee728b)
Start importing Assets/ExampleAssets/Tutorial/ARTutorialStyle.asset using Guid(673c100feae4c40308b05cbe438649eb) Importer(815301076,1909f56bfc062723c751e8b465ee728b)  -> (artifact id: '158374ac181c5dad3511a39d492c2b55') in 0.026448 seconds 
========================================================================
Received Import Request.
  Time since last request: 0.000144 seconds.
  path: Assets/ExampleAssets/Tutorial/ARTutorialWelcomePage.asset
  artifactKey: Guid(d7ed8cdd171b54fe39c58afde8ff5d51) Importer(815301076,1909f56bfc062723c751e8b465ee728b)
Start importing Assets/ExampleAssets/Tutorial/ARTutorialWelcomePage.asset using Guid(d7ed8cdd171b54fe39c58afde8ff5d51) Importer(815301076,1909f56bfc062723c751e8b465ee728b)  -> (artifact id: '342e81675a710117995463e032ed4b78') in 0.026707 seconds 
========================================================================
Received Import Request.
  Time since last request: 0.000896 seconds.
  path: Assets/ExampleAssets/Tutorial/TutorialsContainer.asset
  artifactKey: Guid(58201dbec29094f7a9c5cf1b87912e6b) Importer(815301076,1909f56bfc062723c751e8b465ee728b)
Start importing Assets/ExampleAssets/Tutorial/TutorialsContainer.asset using Guid(58201dbec29094f7a9c5cf1b87912e6b) Importer(815301076,1909f56bfc062723c751e8b465ee728b)  -> (artifact id: '82e879cbb29892fb014317bb35dbb367') in 0.022066 seconds 
========================================================================
Received Import Request.
  Time since last request: 0.000295 seconds.
  path: Assets/ExampleAssets/Tutorial/TutorialProjectSettings.asset
  artifactKey: Guid(81fee52a5ef9d49a9babe154239f82cf) Importer(815301076,1909f56bfc062723c751e8b465ee728b)
Start importing Assets/ExampleAssets/Tutorial/TutorialProjectSettings.asset using Guid(81fee52a5ef9d49a9babe154239f82cf) Importer(815301076,1909f56bfc062723c751e8b465ee728b)  -> (artifact id: 'c578582cc2392abdae7d70c7dec71d4c') in 0.022559 seconds 
========================================================================
Received Import Request.
  Time since last request: 2.662554 seconds.
  path: Assets/ExampleAssets/Tutorial/Images
  artifactKey: Guid(4169c8a7a0818423aa84fe774678e570) Importer(815301076,1909f56bfc062723c751e8b465ee728b)
Start importing Assets/ExampleAssets/Tutorial/Images using Guid(4169c8a7a0818423aa84fe774678e570) Importer(815301076,1909f56bfc062723c751e8b465ee728b)  -> (artifact id: 'ea6af4d97ba1ac88f8b79ee68bf01511') in 0.016347 seconds 
========================================================================
Received Import Request.
  Time since last request: 0.079440 seconds.
  path: Assets/ExampleAssets/Tutorial/Images/1-welcome-screen-image.png
  artifactKey: Guid(a36153625af524c1f9fb6e04b5ed3e1c) Importer(815301076,1909f56bfc062723c751e8b465ee728b)
Start importing Assets/ExampleAssets/Tutorial/Images/1-welcome-screen-image.png using Guid(a36153625af524c1f9fb6e04b5ed3e1c) Importer(815301076,1909f56bfc062723c751e8b465ee728b)  -> (artifact id: 'fa7a8300170eceac2eb87c4785d1f0f6') in 0.033662 seconds 
========================================================================
Received Import Request.
  Time since last request: 0.000151 seconds.
  path: Assets/ExampleAssets/Tutorial/Images/project-header-ar.png
  artifactKey: Guid(36ba5f0e57d094b0c9364f801bc2bac0) Importer(815301076,1909f56bfc062723c751e8b465ee728b)
Start importing Assets/ExampleAssets/Tutorial/Images/project-header-ar.png using Guid(36ba5f0e57d094b0c9364f801bc2bac0) Importer(815301076,1909f56bfc062723c751e8b465ee728b)  -> (artifact id: '958c2647aa7917637285f6bfba1baa7c') in 0.025305 seconds 
========================================================================
Received Import Request.
  Time since last request: 19.509342 seconds.
  path: Assets/02_Prefabs/ARPlane.prefab
  artifactKey: Guid(3738bd65ede154463b2c35064b9e5fdb) Importer(815301076,1909f56bfc062723c751e8b465ee728b)
Start importing Assets/02_Prefabs/ARPlane.prefab using Guid(3738bd65ede154463b2c35064b9e5fdb) Importer(815301076,1909f56bfc062723c751e8b465ee728b)  -> (artifact id: '057b43e9174858b704ece77984dba8ae') in 0.042400 seconds 
========================================================================
Received Import Request.
  Time since last request: 0.000467 seconds.
  path: Assets/02_Prefabs/Player.prefab
  artifactKey: Guid(2f3b5ed2f244c904399a63cdf337133c) Importer(815301076,1909f56bfc062723c751e8b465ee728b)
Start importing Assets/02_Prefabs/Player.prefab using Guid(2f3b5ed2f244c904399a63cdf337133c) Importer(815301076,1909f56bfc062723c751e8b465ee728b)  -> (artifact id: '7cecbef38fda575876a463c635756441') in 0.252062 seconds 
========================================================================
Received Import Request.
  Time since last request: 0.000389 seconds.
  path: Assets/02_Prefabs/Bose lime.prefab
  artifactKey: Guid(1db3bb0b2e2bac64e976b3fd8ef1cc87) Importer(815301076,1909f56bfc062723c751e8b465ee728b)
Start importing Assets/02_Prefabs/Bose lime.prefab using Guid(1db3bb0b2e2bac64e976b3fd8ef1cc87) Importer(815301076,1909f56bfc062723c751e8b465ee728b)  -> (artifact id: '5752cb6d256d8bb2c50d98c389646809') in 0.070034 seconds 
========================================================================
Received Import Request.
  Time since last request: 0.000364 seconds.
  path: Assets/02_Prefabs/Capsule.prefab
  artifactKey: Guid(9bdba15ad8df8bf4680b8d290da52de3) Importer(815301076,1909f56bfc062723c751e8b465ee728b)
Start importing Assets/02_Prefabs/Capsule.prefab using Guid(9bdba15ad8df8bf4680b8d290da52de3) Importer(815301076,1909f56bfc062723c751e8b465ee728b)  -> (artifact id: 'f37ff97d0a7bae9bb41c650bb2acac88') in 0.022804 seconds 
========================================================================
Received Import Request.
  Time since last request: 11.414811 seconds.
  path: Assets/02_Prefabs/enemys
  artifactKey: Guid(d74ce2f717651f848a1be49429567ee5) Importer(815301076,1909f56bfc062723c751e8b465ee728b)
Start importing Assets/02_Prefabs/enemys using Guid(d74ce2f717651f848a1be49429567ee5) Importer(815301076,1909f56bfc062723c751e8b465ee728b)  -> (artifact id: '82159d0b2d5216a173ca2681fb0fd87d') in 0.014172 seconds 
========================================================================
Received Import Request.
  Time since last request: 0.046783 seconds.
  path: Assets/02_Prefabs/enemys/ememey lime.prefab
  artifactKey: Guid(81e2c1bb526f04942832441e0c979156) Importer(815301076,1909f56bfc062723c751e8b465ee728b)
Start importing Assets/02_Prefabs/enemys/ememey lime.prefab using Guid(81e2c1bb526f04942832441e0c979156) Importer(815301076,1909f56bfc062723c751e8b465ee728b)  -> (artifact id: 'c690f3e183775a52d054cb823ddd56fb') in 0.016832 seconds 
========================================================================
Received Import Request.
  Time since last request: 0.000183 seconds.
  path: Assets/02_Prefabs/enemys/OrkBasic.prefab
  artifactKey: Guid(91bb5c53196aa6e44b427108585dd100) Importer(815301076,1909f56bfc062723c751e8b465ee728b)
Start importing Assets/02_Prefabs/enemys/OrkBasic.prefab using Guid(91bb5c53196aa6e44b427108585dd100) Importer(815301076,1909f56bfc062723c751e8b465ee728b)  -> (artifact id: '729f622be7208b57ab904e01882ef277') in 0.043253 seconds 
========================================================================
Received Import Request.
  Time since last request: 0.000216 seconds.
  path: Assets/02_Prefabs/enemys/ememey range.prefab
  artifactKey: Guid(e804e4ef8d734c648bf6f1300ef01df3) Importer(815301076,1909f56bfc062723c751e8b465ee728b)
Start importing Assets/02_Prefabs/enemys/ememey range.prefab using Guid(e804e4ef8d734c648bf6f1300ef01df3) Importer(815301076,1909f56bfc062723c751e8b465ee728b)  -> (artifact id: '40c6cba306078eaa1b09c6719814c7f8') in 0.042310 seconds 
========================================================================
Received Import Request.
  Time since last request: 0.000164 seconds.
  path: Assets/02_Prefabs/enemys/ememey mele.prefab
  artifactKey: Guid(6f79a4cd8e22ca349b146466e62fe607) Importer(815301076,1909f56bfc062723c751e8b465ee728b)
Start importing Assets/02_Prefabs/enemys/ememey mele.prefab using Guid(6f79a4cd8e22ca349b146466e62fe607) Importer(815301076,1909f56bfc062723c751e8b465ee728b)  -> (artifact id: '18fab16d38dd54434448b57256214c0f') in 0.046331 seconds 
========================================================================
Received Import Request.
  Time since last request: 0.802836 seconds.
  path: Assets/02_Prefabs/enemys/Boss
  artifactKey: Guid(a94924976f32c2a4b92b2b5dda0bc0a8) Importer(815301076,1909f56bfc062723c751e8b465ee728b)
Start importing Assets/02_Prefabs/enemys/Boss using Guid(a94924976f32c2a4b92b2b5dda0bc0a8) Importer(815301076,1909f56bfc062723c751e8b465ee728b)  -> (artifact id: '348765a8f73897963f6a3d4b782a218f') in 0.014525 seconds 
========================================================================
Received Import Request.
  Time since last request: 0.033932 seconds.
  path: Assets/02_Prefabs/enemys/Boss/BossOrc.prefab
  artifactKey: Guid(1bed88a3e18725343807145ef376a5f1) Importer(815301076,1909f56bfc062723c751e8b465ee728b)
Start importing Assets/02_Prefabs/enemys/Boss/BossOrc.prefab using Guid(1bed88a3e18725343807145ef376a5f1) Importer(815301076,1909f56bfc062723c751e8b465ee728b)  -> (artifact id: 'fee50c6f97ba26390f78a257773e5abf') in 0.052719 seconds 
========================================================================
Received Import Request.
  Time since last request: 152.408836 seconds.
  path: Assets/00_Scenes/TestsGeneracionNivel.unity
  artifactKey: Guid(5a868b9d535f2d84f93430f634bc115e) Importer(815301076,1909f56bfc062723c751e8b465ee728b)
Start importing Assets/00_Scenes/TestsGeneracionNivel.unity using Guid(5a868b9d535f2d84f93430f634bc115e) Importer(815301076,1909f56bfc062723c751e8b465ee728b)  -> (artifact id: 'ec4253712c3f5e289da44bacd6dd6657') in 0.018849 seconds 
========================================================================
Received Import Request.
  Time since last request: 1.492618 seconds.
  path: Assets/00_Scenes
  artifactKey: Guid(df374d4449bc34d4b999922a5d145092) Importer(815301076,1909f56bfc062723c751e8b465ee728b)
Start importing Assets/00_Scenes using Guid(df374d4449bc34d4b999922a5d145092) Importer(815301076,1909f56bfc062723c751e8b465ee728b)  -> (artifact id: '806a349699c6cf0616c129c6f05f3a9a') in 0.022340 seconds 
========================================================================
Received Import Request.
  Time since last request: 8.539322 seconds.
  path: Assets/00_Scenes/Prueba Ar.unity
  artifactKey: Guid(0592379c2a244804080ce6182bf7c625) Importer(815301076,1909f56bfc062723c751e8b465ee728b)
Start importing Assets/00_Scenes/Prueba Ar.unity using Guid(0592379c2a244804080ce6182bf7c625) Importer(815301076,1909f56bfc062723c751e8b465ee728b)  -> (artifact id: '05614f101df174208b4bec20a6130865') in 0.019840 seconds 
========================================================================
Received Import Request.
  Time since last request: 195.393385 seconds.
  path: Assets/00_Scenes/SampleScene.unity
  artifactKey: Guid(c5234e3747a77af43a789c982bdcf64a) Importer(815301076,1909f56bfc062723c751e8b465ee728b)
Start importing Assets/00_Scenes/SampleScene.unity using Guid(c5234e3747a77af43a789c982bdcf64a) Importer(815301076,1909f56bfc062723c751e8b465ee728b)  -> (artifact id: 'a4d10aba8e8d67dcdfa18de6f80ccc4e') in 0.014605 seconds 
========================================================================
Received Import Request.
  Time since last request: 4.847306 seconds.
  path: Assets/00_Scenes/Prueba Ar.unity
  artifactKey: Guid(0592379c2a244804080ce6182bf7c625) Importer(815301076,1909f56bfc062723c751e8b465ee728b)
Start importing Assets/00_Scenes/Prueba Ar.unity using Guid(0592379c2a244804080ce6182bf7c625) Importer(815301076,1909f56bfc062723c751e8b465ee728b)  -> (artifact id: '3ad0fa483acc87e20ab435cb29e59aca') in 0.020760 seconds 
========================================================================
Received Import Request.
  Time since last request: 969.332495 seconds.
  path: Assets/00_Scenes/Prueba Ar.unity
  artifactKey: Guid(0592379c2a244804080ce6182bf7c625) Importer(815301076,1909f56bfc062723c751e8b465ee728b)
Start importing Assets/00_Scenes/Prueba Ar.unity using Guid(0592379c2a244804080ce6182bf7c625) Importer(815301076,1909f56bfc062723c751e8b465ee728b)  -> (artifact id: '6f108ba1f584c8d82c265cb5bb92840e') in 0.015302 seconds 
========================================================================
Received Prepare
Registering precompiled user dll's ...
Registered in 0.008280 seconds.
Begin MonoManager ReloadAssembly
Native extension for WindowsStandalone target not found
Refreshing native plugins compatible for Editor in 0.90 ms, found 9 plugins.
Preloading 1 native plugins for Editor in 0.16 ms.
Mono: successfully reloaded assembly
- Completed reload, in  2.218 seconds
Domain Reload Profiling:
	ReloadAssembly (2238ms)
		BeginReloadAssembly (747ms)
			ExecutionOrderSort (0ms)
			DisableScriptedObjects (40ms)
			BackupInstance (0ms)
			ReleaseScriptingObjects (0ms)
			CreateAndSetChildDomain (295ms)
		EndReloadAssembly (1350ms)
			LoadAssemblies (251ms)
			RebuildTransferFunctionScriptingTraits (0ms)
			SetupTypeCache (447ms)
			ReleaseScriptCaches (1ms)
			RebuildScriptCaches (58ms)
			SetupLoadedEditorAssemblies (503ms)
				LogAssemblyErrors (0ms)
				InitializePlatformSupportModulesInManaged (7ms)
				SetLoadedEditorAssemblies (1ms)
				RefreshPlugins (1ms)
				BeforeProcessingInitializeOnLoad (153ms)
				ProcessInitializeOnLoadAttributes (316ms)
				ProcessInitializeOnLoadMethodAttributes (16ms)
				AfterProcessingInitializeOnLoad (8ms)
				EditorAssembliesLoaded (0ms)
			ExecutionOrderSort2 (0ms)
			AwakeInstancesAfterBackupRestoration (2ms)
Platform modules already initialized, skipping
Switching build target platform(19) subTarget(0) extendedPlatform(0) -> platform(13) subTarget(589824) extendedPlatform(0)
Refreshing native plugins compatible for Editor in 2.18 ms, found 9 plugins.
Preloading 1 native plugins for Editor in 0.40 ms.
Unloading 2413 Unused Serialized files (Serialized files now loaded: 0)
System memory in use before: 106.5 MB.
System memory in use after: 106.7 MB.

Unloading 16 unused Assets to reduce memory usage. Loaded Objects now: 2946.
Total: 4.170200 ms (FindLiveObjects: 0.649600 ms CreateObjectMapping: 0.212000 ms MarkObjects: 3.157900 ms  DeleteObjects: 0.149100 ms)

AssetImportParameters requested are different than current active one (requested -> active):
  custom:framework-win-MediaFoundation: 216162199b28c13a410421893ffa2e32 -> 
  custom:video-decoder-ogg-theora: a1e56fd34408186e4bbccfd4996cb3dc -> 
  custom:container-muxer-webm: aa71ff27fc2769a1b78a27578f13a17b -> 
  custom:container-demuxer-webm: 4f35f7cbe854078d1ac9338744f61a02 -> 
  custom:container-demuxer-ogg: 62fdf1f143b41e24485cea50d1cbac27 -> 
  custom:video-encoder-webm-vp8: eb34c28f22e8b96e1ab97ce403110664 -> 
  custom:video-decoder-webm-vp8: 9c59270c3fd7afecdb556c50c9e8de78 -> 
  custom:graphics/normal-map-encoding: 01000000000000000000000000000000 -> 02000000000000000000000000000000
  custom:audio-decoder-ogg-vorbis: bf7c407c2cedff20999df2af8eb42d56 -> 
  custom:audio-encoder-webm-vorbis: bf7c407c2cedff20999df2af8eb42d56 -> 
========================================================================
Received Prepare
Registering precompiled user dll's ...
Registered in 0.013800 seconds.
Begin MonoManager ReloadAssembly
Native extension for WindowsStandalone target not found
Refreshing native plugins compatible for Editor in 0.88 ms, found 9 plugins.
Preloading 1 native plugins for Editor in 0.13 ms.
Mono: successfully reloaded assembly
- Completed reload, in  1.605 seconds
Domain Reload Profiling:
	ReloadAssembly (1613ms)
		BeginReloadAssembly (320ms)
			ExecutionOrderSort (0ms)
			DisableScriptedObjects (21ms)
			BackupInstance (0ms)
			ReleaseScriptingObjects (0ms)
			CreateAndSetChildDomain (147ms)
		EndReloadAssembly (1191ms)
			LoadAssemblies (175ms)
			RebuildTransferFunctionScriptingTraits (0ms)
			SetupTypeCache (395ms)
			ReleaseScriptCaches (2ms)
			RebuildScriptCaches (50ms)
			SetupLoadedEditorAssemblies (440ms)
				LogAssemblyErrors (0ms)
				InitializePlatformSupportModulesInManaged (5ms)
				SetLoadedEditorAssemblies (1ms)
				RefreshPlugins (1ms)
				BeforeProcessingInitializeOnLoad (106ms)
				ProcessInitializeOnLoadAttributes (308ms)
				ProcessInitializeOnLoadMethodAttributes (11ms)
				AfterProcessingInitializeOnLoad (8ms)
				EditorAssembliesLoaded (0ms)
			ExecutionOrderSort2 (0ms)
			AwakeInstancesAfterBackupRestoration (2ms)
Platform modules already initialized, skipping
Switching build target platform(19) subTarget(0) extendedPlatform(0) -> platform(13) subTarget(589824) extendedPlatform(0)
Refreshing native plugins compatible for Editor in 1.04 ms, found 9 plugins.
Preloading 1 native plugins for Editor in 0.35 ms.
Unloading 2413 Unused Serialized files (Serialized files now loaded: 0)
System memory in use before: 106.5 MB.
System memory in use after: 106.7 MB.

Unloading 15 unused Assets to reduce memory usage. Loaded Objects now: 2950.
Total: 3.782000 ms (FindLiveObjects: 0.283300 ms CreateObjectMapping: 0.157200 ms MarkObjects: 3.220000 ms  DeleteObjects: 0.120200 ms)

AssetImportParameters requested are different than current active one (requested -> active):
  custom:framework-win-MediaFoundation: 216162199b28c13a410421893ffa2e32 -> 
  custom:video-decoder-ogg-theora: a1e56fd34408186e4bbccfd4996cb3dc -> 
  custom:container-muxer-webm: aa71ff27fc2769a1b78a27578f13a17b -> 
  custom:container-demuxer-webm: 4f35f7cbe854078d1ac9338744f61a02 -> 
  custom:container-demuxer-ogg: 62fdf1f143b41e24485cea50d1cbac27 -> 
  custom:video-encoder-webm-vp8: eb34c28f22e8b96e1ab97ce403110664 -> 
  custom:video-decoder-webm-vp8: 9c59270c3fd7afecdb556c50c9e8de78 -> 
  custom:graphics/normal-map-encoding: 01000000000000000000000000000000 -> 02000000000000000000000000000000
  custom:audio-decoder-ogg-vorbis: bf7c407c2cedff20999df2af8eb42d56 -> 
  custom:audio-encoder-webm-vorbis: bf7c407c2cedff20999df2af8eb42d56 -> 
========================================================================
Received Import Request.
  Time since last request: 974.150464 seconds.
  path: Assets/00_Scenes/Prueba Ar.unity
  artifactKey: Guid(0592379c2a244804080ce6182bf7c625) Importer(815301076,1909f56bfc062723c751e8b465ee728b)
Start importing Assets/00_Scenes/Prueba Ar.unity using Guid(0592379c2a244804080ce6182bf7c625) Importer(815301076,1909f56bfc062723c751e8b465ee728b)  -> (artifact id: '6f4e0632644fe8da9394f3ff76eac7be') in 0.088124 seconds 
========================================================================
Received Prepare
Refreshing native plugins compatible for Editor in 8.98 ms, found 9 plugins.
Preloading 1 native plugins for Editor in 1.36 ms.
Unloading 12 Unused Serialized files (Serialized files now loaded: 0)
System memory in use before: 58.6 MB.
System memory in use after: 58.8 MB.

Unloading 11 unused Assets to reduce memory usage. Loaded Objects now: 2951.
Total: 52.909200 ms (FindLiveObjects: 1.351100 ms CreateObjectMapping: 0.258400 ms MarkObjects: 51.117900 ms  DeleteObjects: 0.180100 ms)

AssetImportParameters requested are different than current active one (requested -> active):
  custom:framework-win-MediaFoundation: 216162199b28c13a410421893ffa2e32 -> 
  custom:video-decoder-ogg-theora: a1e56fd34408186e4bbccfd4996cb3dc -> 
  custom:container-muxer-webm: aa71ff27fc2769a1b78a27578f13a17b -> 
  custom:container-demuxer-webm: 4f35f7cbe854078d1ac9338744f61a02 -> 
  custom:container-demuxer-ogg: 62fdf1f143b41e24485cea50d1cbac27 -> 
  custom:video-encoder-webm-vp8: eb34c28f22e8b96e1ab97ce403110664 -> 
  custom:video-decoder-webm-vp8: 9c59270c3fd7afecdb556c50c9e8de78 -> 
  custom:audio-decoder-ogg-vorbis: bf7c407c2cedff20999df2af8eb42d56 -> 
  custom:audio-encoder-webm-vorbis: bf7c407c2cedff20999df2af8eb42d56 -> 
========================================================================
Received Import Request.
  Time since last request: 1707.976578 seconds.
  path: Packages/com.unity.xr.arfoundation/Materials/DebugFace.mat
  artifactKey: Guid(35bd980c8f2234e3d8b640e25a677d65) Importer(815301076,1909f56bfc062723c751e8b465ee728b)
Start importing Packages/com.unity.xr.arfoundation/Materials/DebugFace.mat using Guid(35bd980c8f2234e3d8b640e25a677d65) Importer(815301076,1909f56bfc062723c751e8b465ee728b)  -> (artifact id: '81116056508c1d59b7f2001be08a368a') in 1.025698 seconds 
========================================================================
Received Import Request.
  Time since last request: 0.000766 seconds.
  path: Packages/com.unity.xr.arfoundation/Materials/DebugPlane.mat
  artifactKey: Guid(f1a110d32af21aa4d872c707dfcc6043) Importer(815301076,1909f56bfc062723c751e8b465ee728b)
Start importing Packages/com.unity.xr.arfoundation/Materials/DebugPlane.mat using Guid(f1a110d32af21aa4d872c707dfcc6043) Importer(815301076,1909f56bfc062723c751e8b465ee728b)  -> (artifact id: 'e1bec682647104d12c48204d29f93dca') in 0.317939 seconds 
========================================================================
Received Import Request.
  Time since last request: 10.865647 seconds.
  path: Assets/02_Prefabs/AR Default Plane.prefab
  artifactKey: Guid(cbef914a693abdf41bc06e60277e98be) Importer(815301076,1909f56bfc062723c751e8b465ee728b)
Start importing Assets/02_Prefabs/AR Default Plane.prefab using Guid(cbef914a693abdf41bc06e60277e98be) Importer(815301076,1909f56bfc062723c751e8b465ee728b)  -> (artifact id: 'a8875bec90639fc7ef69b6f793132906') in 0.320947 seconds 
AssetImportWorkerClient::OnTransportError - code=2 error=End of file
